<?xml version="1.0" encoding="UTF-8"?>
<!-- Generated by org.testng.reporters.JUnitReportReporter -->
<testsuite skipped="0" hostname="Mahesh-PC" name="GetProperty" tests="1" failures="0" timestamp="2020-04-03T14:23:46 IST" time="0.016" errors="0">
  <testcase name="f" time="0.016" classname="GetProperty"/>
</testsuite> <!-- GetProperty -->
