<?xml version="1.0" encoding="UTF-8"?>
<!-- Generated by org.testng.reporters.JUnitReportReporter -->
<testsuite skipped="0" hostname="Mahesh-PC" name="TestNG" tests="3" failures="0" timestamp="06 Apr 2020 12:21:25 GMT" time="0.026" errors="0">
  <testcase name="b" time="0.021" classname="TestNG"/>
  <testcase name="a" time="0.003" classname="TestNG"/>
  <testcase name="f" time="0.002" classname="TestNG"/>
</testsuite> <!-- TestNG -->
