<?xml version="1.0" encoding="UTF-8"?>
<!-- Generated by org.testng.reporters.JUnitReportReporter -->
<testsuite skipped="0" hostname="Mahesh-PC" name="ExcelRead" tests="1" failures="0" timestamp="07 Apr 2020 10:35:13 GMT" time="22.696" errors="0">
  <testcase name="f" time="22.696" classname="ExcelRead"/>
</testsuite> <!-- ExcelRead -->
