<?xml version="1.0" encoding="UTF-8"?>
<!-- Generated by org.testng.reporters.JUnitReportReporter -->
<testsuite skipped="0" hostname="Mahesh-PC" name="OpenApp" tests="1" failures="0" timestamp="07 Apr 2020 10:35:13 GMT" time="101.825" errors="0">
  <testcase name="f" time="101.825" classname="OpenApp"/>
</testsuite> <!-- OpenApp -->
